<?xml version="1.0" encoding="UTF-8"?>
<!-- Generated by org.testng.reporters.JUnitReportReporter -->
<testsuite hostname="DESKTOP-L9TD1GF" failures="0" tests="3" name="practise_package.mastercreated" time="0.035" errors="0" timestamp="2024-01-29T18:16:16 IST" skipped="0">
  <testcase classname="practise_package.mastercreated" name="masterTest2" time="0.004"/>
  <system-out/>
  <testcase classname="practise_package.mastercreated" name="masterTest" time="0.024"/>
  <system-out/>
  <testcase classname="practise_package.mastercreated" name="masterTest1" time="0.007"/>
  <system-out/>
</testsuite> <!-- practise_package.mastercreated -->
